{
  "stats": {
    "suites": 1,
    "tests": 1,
    "passes": 1,
    "pending": 0,
    "failures": 0,
    "start": "2021-07-08T13:46:48.975Z",
    "end": "2021-07-08T13:46:54.496Z",
    "duration": 5521,
    "testsRegistered": 1,
    "passPercent": 100,
    "pendingPercent": 0,
    "other": 0,
    "hasOther": false,
    "skipped": 0,
    "hasSkipped": false
  },
  "results": [
    {
      "uuid": "ef16c185-5fe2-4dad-adc0-c3b23c38c9cc",
      "title": "",
      "fullFile": "cypress/integration/4-DeleteUser_test.spec.js",
      "file": "cypress/integration/4-DeleteUser_test.spec.js",
      "beforeHooks": [],
      "afterHooks": [],
      "tests": [],
      "suites": [
        {
          "uuid": "dcb0982a-480b-4a9a-901e-001c27c466e5",
          "title": "Deletar Usuario",
          "fullFile": "",
          "file": "",
          "beforeHooks": [],
          "afterHooks": [],
          "tests": [
            {
              "title": "Delete User",
              "fullTitle": "Deletar Usuario Delete User",
              "timedOut": null,
              "duration": 5462,
              "state": "passed",
              "speed": "slow",
              "pass": true,
              "fail": false,
              "pending": false,
              "context": null,
              "code": "var login = \"LonnaMark@gmail.com\";\nvar password = \"91563815\";\ncy.xpath('//input[@name=\"Usuario\"]').type(login);\ncy.xpath('//input[@name=\"Senha\"]').type(password);\ncy.xpath('//button[@type=\"button\"][contains(.,\"Prosseguir\")]').click();\ncy.xpath('//input[@type=\"submit\"]').click();\ncy.contains('Spirit Fanfics');\ncy.xpath('//div[contains(@class,\"line-wrap\")]').click({\n  force: true\n});\ncy.xpath('//a[contains(@class,\"gear\")]').click({\n  force: true\n});\ncy.xpath('//a[contains(.,\"Apagar Conta\")]').click({\n  force: true\n});\ncy.xpath('//input[@name=\"ApagarSenha\"]').type(password);\ncy.xpath('//input[@name=\"ApagarConfirmar\"]').click();\ncy.contains('Usuário Excluído com sucesso').should('be.visible');",
              "err": {},
              "uuid": "2a4206ed-73ad-417e-af40-cb70a2b826bf",
              "parentUUID": "dcb0982a-480b-4a9a-901e-001c27c466e5",
              "isHook": false,
              "skipped": false
            }
          ],
          "suites": [],
          "passes": [
            "2a4206ed-73ad-417e-af40-cb70a2b826bf"
          ],
          "failures": [],
          "pending": [],
          "skipped": [],
          "duration": 5462,
          "root": false,
          "rootEmpty": false,
          "_timeout": 2000
        }
      ],
      "passes": [],
      "failures": [],
      "pending": [],
      "skipped": [],
      "duration": 0,
      "root": true,
      "rootEmpty": true,
      "_timeout": 2000
    }
  ],
  "meta": {
    "mocha": {
      "version": "7.0.1"
    },
    "mochawesome": {
      "options": {
        "quiet": false,
        "reportFilename": "mochawesome",
        "saveHtml": false,
        "saveJson": true,
        "consoleReporter": "spec",
        "useInlineDiffs": false,
        "code": true
      },
      "version": "6.2.2"
    },
    "marge": {
      "options": {
        "reportDir": "cypress/reports/mocha",
        "overwrite": false,
        "html": false,
        "json": true,
        "timestamp": "mmddyyyy_HHMMss",
        "waitForAnimations": false,
        "animationDistanceThreshold": 50,
        "projectId": "suf2ua"
      },
      "version": "5.2.0"
    }
  }
}