{
  "stats": {
    "suites": 1,
    "tests": 1,
    "passes": 1,
    "pending": 0,
    "failures": 0,
    "start": "2021-07-30T02:04:54.818Z",
    "end": "2021-07-30T02:05:03.195Z",
    "duration": 8377,
    "testsRegistered": 1,
    "passPercent": 100,
    "pendingPercent": 0,
    "other": 0,
    "hasOther": false,
    "skipped": 0,
    "hasSkipped": false
  },
  "results": [
    {
      "uuid": "69fcb498-0027-4f54-9204-95264b0b98da",
      "title": "",
      "fullFile": "cypress/integration/1-CriarNewPerfil_test.spec.js",
      "file": "cypress/integration/1-CriarNewPerfil_test.spec.js",
      "beforeHooks": [],
      "afterHooks": [],
      "tests": [],
      "suites": [
        {
          "uuid": "dbecabe6-7028-42e4-848e-908aaf5fc54b",
          "title": "Usuarios",
          "fullFile": "",
          "file": "",
          "beforeHooks": [],
          "afterHooks": [],
          "tests": [
            {
              "title": "Criar Perfil Novo",
              "fullTitle": "Usuarios Criar Perfil Novo",
              "timedOut": null,
              "duration": 8235,
              "state": "passed",
              "speed": "slow",
              "pass": true,
              "fail": false,
              "pending": false,
              "context": null,
              "code": "var user = {\n  login: 'LitaRumo',\n  email: 'LitaRumo@gmail.com',\n  password: '91563815'\n};\ncy.goSite();\ncy.cadastrar_user(user.login, user.email, user.password);\ncy.add_avatar();",
              "err": {},
              "uuid": "02aca8cd-71ed-4a99-8ace-94b35d000011",
              "parentUUID": "dbecabe6-7028-42e4-848e-908aaf5fc54b",
              "isHook": false,
              "skipped": false
            }
          ],
          "suites": [],
          "passes": [
            "02aca8cd-71ed-4a99-8ace-94b35d000011"
          ],
          "failures": [],
          "pending": [],
          "skipped": [],
          "duration": 8235,
          "root": false,
          "rootEmpty": false,
          "_timeout": 2000
        }
      ],
      "passes": [],
      "failures": [],
      "pending": [],
      "skipped": [],
      "duration": 0,
      "root": true,
      "rootEmpty": true,
      "_timeout": 2000
    }
  ],
  "meta": {
    "mocha": {
      "version": "7.0.1"
    },
    "mochawesome": {
      "options": {
        "quiet": false,
        "reportFilename": "mochawesome",
        "saveHtml": false,
        "saveJson": true,
        "consoleReporter": "spec",
        "useInlineDiffs": false,
        "code": true
      },
      "version": "6.2.2"
    },
    "marge": {
      "options": {
        "reportDir": "cypress/reports/mocha",
        "overwrite": false,
        "html": false,
        "json": true,
        "timestamp": "mmddyyyy_HHMMss",
        "waitForAnimations": false,
        "animationDistanceThreshold": 50
      },
      "version": "5.2.0"
    }
  }
}