{
  "stats": {
    "suites": 1,
    "tests": 1,
    "passes": 1,
    "pending": 0,
    "failures": 0,
    "start": "2021-07-08T13:45:15.865Z",
    "end": "2021-07-08T13:45:23.638Z",
    "duration": 7773,
    "testsRegistered": 1,
    "passPercent": 100,
    "pendingPercent": 0,
    "other": 0,
    "hasOther": false,
    "skipped": 0,
    "hasSkipped": false
  },
  "results": [
    {
      "uuid": "fc824fef-c107-4b20-a048-c5c7c5793f03",
      "title": "",
      "fullFile": "cypress/integration/1-CriarNewPerfil_test.spec.js",
      "file": "cypress/integration/1-CriarNewPerfil_test.spec.js",
      "beforeHooks": [],
      "afterHooks": [],
      "tests": [],
      "suites": [
        {
          "uuid": "bb865137-3347-4c40-8fbc-33af0439b072",
          "title": "Novo Usuario",
          "fullFile": "",
          "file": "",
          "beforeHooks": [],
          "afterHooks": [],
          "tests": [
            {
              "title": "Criar Perfil Novo",
              "fullTitle": "Novo Usuario Criar Perfil Novo",
              "timedOut": null,
              "duration": 7729,
              "state": "passed",
              "speed": "slow",
              "pass": true,
              "fail": false,
              "pending": false,
              "context": null,
              "code": "//const login = \"Kursonln\"\n//const email = \"Kursonln@yahoo.com\"\n// const login = \"Kalasha66\"\n//  const email = \"Kalasha66@gmail.com\"\n//   const password = \"91563815\"      \nvar login = \"LonnaMark\";\nvar email = \"LonnaMark@gmail.com\";\nvar password = \"91563815\";\ncy.xpath('//input[@name=\"Usuario\"]').type(login);\ncy.xpath('//input[@name=\"Email\"]').type(email);\ncy.xpath('//input[@name=\"Senha\"]').type(password);\ncy.xpath('//button[@type=\"button\"][contains(.,\"Prosseguir\")]').click();\ncy.xpath('//input[@type=\"submit\"]').click();\ncy.contains('Editar Perfil'); //Foto do perfil\ncy.xpath('//a[contains(.,\"Avatar\")]').click();\ncy.xpath('//input[contains(@id,\"fupUsuarioAvatar\")]').as('fileInput').attachFile('Imagem3.png');\ncy.xpath('//input[@value=\"Enviar Avatar\"]').click();\ncy.contains('Avatar enviado com sucesso!').should('be.visible');",
              "err": {},
              "uuid": "c9a9b791-9767-4d3c-931c-6fcbb11c1a8c",
              "parentUUID": "bb865137-3347-4c40-8fbc-33af0439b072",
              "isHook": false,
              "skipped": false
            }
          ],
          "suites": [],
          "passes": [
            "c9a9b791-9767-4d3c-931c-6fcbb11c1a8c"
          ],
          "failures": [],
          "pending": [],
          "skipped": [],
          "duration": 7729,
          "root": false,
          "rootEmpty": false,
          "_timeout": 2000
        }
      ],
      "passes": [],
      "failures": [],
      "pending": [],
      "skipped": [],
      "duration": 0,
      "root": true,
      "rootEmpty": true,
      "_timeout": 2000
    }
  ],
  "meta": {
    "mocha": {
      "version": "7.0.1"
    },
    "mochawesome": {
      "options": {
        "quiet": false,
        "reportFilename": "mochawesome",
        "saveHtml": false,
        "saveJson": true,
        "consoleReporter": "spec",
        "useInlineDiffs": false,
        "code": true
      },
      "version": "6.2.2"
    },
    "marge": {
      "options": {
        "reportDir": "cypress/reports/mocha",
        "overwrite": false,
        "html": false,
        "json": true,
        "timestamp": "mmddyyyy_HHMMss",
        "waitForAnimations": false,
        "animationDistanceThreshold": 50,
        "projectId": "suf2ua"
      },
      "version": "5.2.0"
    }
  }
}