{
  "stats": {
    "suites": 1,
    "tests": 1,
    "passes": 1,
    "pending": 0,
    "failures": 0,
    "start": "2021-07-30T02:07:35.628Z",
    "end": "2021-07-30T02:07:41.603Z",
    "duration": 5975,
    "testsRegistered": 1,
    "passPercent": 100,
    "pendingPercent": 0,
    "other": 0,
    "hasOther": false,
    "skipped": 0,
    "hasSkipped": false
  },
  "results": [
    {
      "uuid": "9b1750f0-dc1f-4b80-81af-3a4deac7c3ff",
      "title": "",
      "fullFile": "cypress/integration/3-DeleteUser_test.spec.js",
      "file": "cypress/integration/3-DeleteUser_test.spec.js",
      "beforeHooks": [],
      "afterHooks": [],
      "tests": [],
      "suites": [
        {
          "uuid": "82a3492c-9b3b-41c4-8c65-7f06c0ea5a81",
          "title": "Deletar Usuario",
          "fullFile": "",
          "file": "",
          "beforeHooks": [],
          "afterHooks": [],
          "tests": [
            {
              "title": "Deletar usuario com sucesso",
              "fullTitle": "Deletar Usuario Deletar usuario com sucesso",
              "timedOut": null,
              "duration": 5907,
              "state": "passed",
              "speed": "slow",
              "pass": true,
              "fail": false,
              "pending": false,
              "context": null,
              "code": "var user = {\n  login: 'LitaRumo',\n  password: '91563815'\n};\ncy.goSite();\ncy.login(user.login, user.password);\ncy.deletar_user(user.password);",
              "err": {},
              "uuid": "40d9a909-3e3a-4930-9795-ba03888e66f1",
              "parentUUID": "82a3492c-9b3b-41c4-8c65-7f06c0ea5a81",
              "isHook": false,
              "skipped": false
            }
          ],
          "suites": [],
          "passes": [
            "40d9a909-3e3a-4930-9795-ba03888e66f1"
          ],
          "failures": [],
          "pending": [],
          "skipped": [],
          "duration": 5907,
          "root": false,
          "rootEmpty": false,
          "_timeout": 2000
        }
      ],
      "passes": [],
      "failures": [],
      "pending": [],
      "skipped": [],
      "duration": 0,
      "root": true,
      "rootEmpty": true,
      "_timeout": 2000
    }
  ],
  "meta": {
    "mocha": {
      "version": "7.0.1"
    },
    "mochawesome": {
      "options": {
        "quiet": false,
        "reportFilename": "mochawesome",
        "saveHtml": false,
        "saveJson": true,
        "consoleReporter": "spec",
        "useInlineDiffs": false,
        "code": true
      },
      "version": "6.2.2"
    },
    "marge": {
      "options": {
        "reportDir": "cypress/reports/mocha",
        "overwrite": false,
        "html": false,
        "json": true,
        "timestamp": "mmddyyyy_HHMMss",
        "waitForAnimations": false,
        "animationDistanceThreshold": 50
      },
      "version": "5.2.0"
    }
  }
}