{
  "stats": {
    "suites": 1,
    "tests": 1,
    "passes": 0,
    "pending": 0,
    "failures": 1,
    "start": "2021-07-28T21:40:53.609Z",
    "end": "2021-07-28T21:41:00.236Z",
    "duration": 6627,
    "testsRegistered": 1,
    "passPercent": 0,
    "pendingPercent": 0,
    "other": 0,
    "hasOther": false,
    "skipped": 0,
    "hasSkipped": false
  },
  "results": [
    {
      "uuid": "0cb7302e-3230-47b3-a4ab-6ee301efd836",
      "title": "",
      "fullFile": "cypress/integration/4-DeleteUser_test.spec.js",
      "file": "cypress/integration/4-DeleteUser_test.spec.js",
      "beforeHooks": [],
      "afterHooks": [],
      "tests": [],
      "suites": [
        {
          "uuid": "5f1c0769-f1a5-4057-bf35-8b607cf928ab",
          "title": "Deletar Usuario",
          "fullFile": "",
          "file": "",
          "beforeHooks": [],
          "afterHooks": [],
          "tests": [
            {
              "title": "Delete User",
              "fullTitle": "Deletar Usuario Delete User",
              "timedOut": null,
              "duration": 6564,
              "state": "failed",
              "speed": null,
              "pass": false,
              "fail": true,
              "pending": false,
              "context": null,
              "code": "var login = \"LonnaMark@gmail.com\";\nvar password = \"91563815\";\ncy.xpath('//input[@name=\"Usuario\"]').type(login);\ncy.xpath('//input[@name=\"Senha\"]').type(password);\ncy.xpath('//button[@type=\"button\"][contains(.,\"Prosseguir\")]').click();\ncy.xpath('//input[@type=\"submit\"]').click();\ncy.contains('Spirit Fanfics');\ncy.xpath('//div[contains(@class,\"line-wrap\")]').click({\n  force: true\n});\ncy.xpath('//a[contains(@class,\"gear\")]').click({\n  force: true\n});\ncy.xpath('//a[contains(.,\"Apagar Conta\")]').click({\n  force: true\n});\ncy.xpath('//input[@name=\"ApagarSenha\"]').type(password);\ncy.xpath('//input[@name=\"ApagarConfirmar\"]').click();\ncy.contains('Usuário Excluído com sucesso').should('be.visible');",
              "err": {
                "message": "AssertionError: Timed out retrying after 4000ms: Expected to find element: `//a[contains(@class,\"gear\")]`, but never found it.",
                "estack": "AssertionError: Timed out retrying after 4000ms: Expected to find element: `//a[contains(@class,\"gear\")]`, but never found it.\n    at Context.eval (https://www.spiritfanfiction.com/__cypress/tests?p=cypress/integration/4-DeleteUser_test.spec.js:7285:8)",
                "diff": null
              },
              "uuid": "9dc99362-5b36-44ad-9937-398bb5d2f334",
              "parentUUID": "5f1c0769-f1a5-4057-bf35-8b607cf928ab",
              "isHook": false,
              "skipped": false
            }
          ],
          "suites": [],
          "passes": [],
          "failures": [
            "9dc99362-5b36-44ad-9937-398bb5d2f334"
          ],
          "pending": [],
          "skipped": [],
          "duration": 6564,
          "root": false,
          "rootEmpty": false,
          "_timeout": 2000
        }
      ],
      "passes": [],
      "failures": [],
      "pending": [],
      "skipped": [],
      "duration": 0,
      "root": true,
      "rootEmpty": true,
      "_timeout": 2000
    }
  ],
  "meta": {
    "mocha": {
      "version": "7.0.1"
    },
    "mochawesome": {
      "options": {
        "quiet": false,
        "reportFilename": "mochawesome",
        "saveHtml": false,
        "saveJson": true,
        "consoleReporter": "spec",
        "useInlineDiffs": false,
        "code": true
      },
      "version": "6.2.2"
    },
    "marge": {
      "options": {
        "reportDir": "cypress/reports/mocha",
        "overwrite": false,
        "html": false,
        "json": true,
        "timestamp": "mmddyyyy_HHMMss",
        "waitForAnimations": false,
        "animationDistanceThreshold": 50
      },
      "version": "5.2.0"
    }
  }
}