{
  "stats": {
    "suites": 1,
    "tests": 1,
    "passes": 0,
    "pending": 0,
    "failures": 1,
    "start": "2021-07-28T21:40:18.227Z",
    "end": "2021-07-28T21:40:42.933Z",
    "duration": 24706,
    "testsRegistered": 1,
    "passPercent": 0,
    "pendingPercent": 0,
    "other": 0,
    "hasOther": false,
    "skipped": 0,
    "hasSkipped": false
  },
  "results": [
    {
      "uuid": "b5e32ccc-de0a-4646-9466-ade5f5aa09e0",
      "title": "",
      "fullFile": "cypress/integration/3-CapituloAtual_test.spec.js",
      "file": "cypress/integration/3-CapituloAtual_test.spec.js",
      "beforeHooks": [],
      "afterHooks": [],
      "tests": [],
      "suites": [
        {
          "uuid": "b5d08431-447e-4cda-a512-28865db5784d",
          "title": "Acessar Capitulo",
          "fullFile": "",
          "file": "",
          "beforeHooks": [],
          "afterHooks": [],
          "tests": [
            {
              "title": "Acessar capítulo Atual",
              "fullTitle": "Acessar Capitulo Acessar capítulo Atual",
              "timedOut": null,
              "duration": 24633,
              "state": "failed",
              "speed": null,
              "pass": false,
              "fail": true,
              "pending": false,
              "context": null,
              "code": "var login = \"LonnaMark\";\nvar password = \"91563815\"; //const login = \"Kurson_ln\"\n//const password = \"91563815\"\ncy.xpath('//input[@name=\"Usuario\"]').type(login);\ncy.xpath('//input[@name=\"Senha\"]').type(password);\ncy.xpath('//button[@type=\"button\"][contains(.,\"Prosseguir\")]').click();\ncy.xpath('//input[@type=\"submit\"]').click();\ncy.xpath('(//a[contains(.,\"Categorias\")])[1]').click();\ncy.contains('Séries, Novelas & TV').click();\ncy.xpath('//a[contains(@title,\"Letra G\")]').click();\ncy.xpath('//strong[contains(.,\"Glee\")]').click();\ncy.xpath('//a[contains(.,\"Halfway there was love\")]').click();\ncy.contains('Continuar visualizando').click();\ncy.xpath('//span[contains(.,\"Adicionar aos Favoritos\")]').click({\n  force: true\n});\ncy.xpath('//strong[contains(.,\"A volta por cima de Blaine\")]').click();\ncy.contains('O falso modelo').should('be.visible');",
              "err": {
                "message": "AssertionError: Timed out retrying after 4000ms: Expected to find element: `//span[contains(.,\"Adicionar aos Favoritos\")]`, but never found it.",
                "estack": "AssertionError: Timed out retrying after 4000ms: Expected to find element: `//span[contains(.,\"Adicionar aos Favoritos\")]`, but never found it.\n    at Context.eval (https://www.spiritfanfiction.com/__cypress/tests?p=cypress/integration/3-CapituloAtual_test.spec.js:7289:8)",
                "diff": null
              },
              "uuid": "d45ec6f3-c378-449b-8bbb-4d2498e034f0",
              "parentUUID": "b5d08431-447e-4cda-a512-28865db5784d",
              "isHook": false,
              "skipped": false
            }
          ],
          "suites": [],
          "passes": [],
          "failures": [
            "d45ec6f3-c378-449b-8bbb-4d2498e034f0"
          ],
          "pending": [],
          "skipped": [],
          "duration": 24633,
          "root": false,
          "rootEmpty": false,
          "_timeout": 2000
        }
      ],
      "passes": [],
      "failures": [],
      "pending": [],
      "skipped": [],
      "duration": 0,
      "root": true,
      "rootEmpty": true,
      "_timeout": 2000
    }
  ],
  "meta": {
    "mocha": {
      "version": "7.0.1"
    },
    "mochawesome": {
      "options": {
        "quiet": false,
        "reportFilename": "mochawesome",
        "saveHtml": false,
        "saveJson": true,
        "consoleReporter": "spec",
        "useInlineDiffs": false,
        "code": true
      },
      "version": "6.2.2"
    },
    "marge": {
      "options": {
        "reportDir": "cypress/reports/mocha",
        "overwrite": false,
        "html": false,
        "json": true,
        "timestamp": "mmddyyyy_HHMMss",
        "waitForAnimations": false,
        "animationDistanceThreshold": 50
      },
      "version": "5.2.0"
    }
  }
}