{
  "stats": {
    "suites": 1,
    "tests": 1,
    "passes": 1,
    "pending": 0,
    "failures": 0,
    "start": "2021-07-28T21:38:59.886Z",
    "end": "2021-07-28T21:39:16.011Z",
    "duration": 16125,
    "testsRegistered": 1,
    "passPercent": 100,
    "pendingPercent": 0,
    "other": 0,
    "hasOther": false,
    "skipped": 0,
    "hasSkipped": false
  },
  "results": [
    {
      "uuid": "aa3aa24c-aef8-4e0c-9dcf-e7cc17de9b83",
      "title": "",
      "fullFile": "cypress/integration/1-CriarNewPerfil_test.spec.js",
      "file": "cypress/integration/1-CriarNewPerfil_test.spec.js",
      "beforeHooks": [],
      "afterHooks": [],
      "tests": [],
      "suites": [
        {
          "uuid": "0599c62f-7b5c-4187-9dd1-a50cbf17d35e",
          "title": "Novo Usuario",
          "fullFile": "",
          "file": "",
          "beforeHooks": [],
          "afterHooks": [],
          "tests": [
            {
              "title": "Criar Perfil Novo",
              "fullTitle": "Novo Usuario Criar Perfil Novo",
              "timedOut": null,
              "duration": 16064,
              "state": "passed",
              "speed": "slow",
              "pass": true,
              "fail": false,
              "pending": false,
              "context": null,
              "code": "var login = \"LalaKurt\";\nvar email = \"kursonl@yahoo.com\";\nvar password = \"91563815\";\ncy.xpath('//input[@name=\"Usuario\"]').type(login);\ncy.xpath('//input[@name=\"Email\"]').type(email);\ncy.xpath('//input[@name=\"Senha\"]').type(password);\ncy.xpath('//button[@type=\"button\"][contains(.,\"Prosseguir\")]').click();\ncy.xpath('//input[@type=\"submit\"]').click();\ncy.contains('Editar Perfil'); //Foto do perfil\ncy.xpath('//a[contains(.,\"Avatar\")]').click();\ncy.xpath('//input[contains(@id,\"fupUsuarioAvatar\")]').as('fileInput').attachFile('Imagem3.png');\ncy.xpath('//input[@value=\"Enviar Avatar\"]').click();\ncy.contains('Avatar enviado com sucesso!').should('be.visible');",
              "err": {},
              "uuid": "f09b123d-e143-4266-97a8-d7319b10caa0",
              "parentUUID": "0599c62f-7b5c-4187-9dd1-a50cbf17d35e",
              "isHook": false,
              "skipped": false
            }
          ],
          "suites": [],
          "passes": [
            "f09b123d-e143-4266-97a8-d7319b10caa0"
          ],
          "failures": [],
          "pending": [],
          "skipped": [],
          "duration": 16064,
          "root": false,
          "rootEmpty": false,
          "_timeout": 2000
        }
      ],
      "passes": [],
      "failures": [],
      "pending": [],
      "skipped": [],
      "duration": 0,
      "root": true,
      "rootEmpty": true,
      "_timeout": 2000
    }
  ],
  "meta": {
    "mocha": {
      "version": "7.0.1"
    },
    "mochawesome": {
      "options": {
        "quiet": false,
        "reportFilename": "mochawesome",
        "saveHtml": false,
        "saveJson": true,
        "consoleReporter": "spec",
        "useInlineDiffs": false,
        "code": true
      },
      "version": "6.2.2"
    },
    "marge": {
      "options": {
        "reportDir": "cypress/reports/mocha",
        "overwrite": false,
        "html": false,
        "json": true,
        "timestamp": "mmddyyyy_HHMMss",
        "waitForAnimations": false,
        "animationDistanceThreshold": 50
      },
      "version": "5.2.0"
    }
  }
}