{
  "stats": {
    "suites": 1,
    "tests": 1,
    "passes": 0,
    "pending": 0,
    "failures": 1,
    "start": "2021-07-08T13:45:27.438Z",
    "end": "2021-07-08T13:46:20.452Z",
    "duration": 53014,
    "testsRegistered": 1,
    "passPercent": 0,
    "pendingPercent": 0,
    "other": 0,
    "hasOther": false,
    "skipped": 0,
    "hasSkipped": false
  },
  "results": [
    {
      "uuid": "48d50868-12d9-409c-9c98-d1271a038ac7",
      "title": "",
      "fullFile": "cypress/integration/2-AcessaFanfic_test.spec.js",
      "file": "cypress/integration/2-AcessaFanfic_test.spec.js",
      "beforeHooks": [],
      "afterHooks": [],
      "tests": [],
      "suites": [
        {
          "uuid": "bd65a5f5-d870-4b30-8f5c-8bd8b3ddff7d",
          "title": "Acessar Fanfic",
          "fullFile": "",
          "file": "",
          "beforeHooks": [],
          "afterHooks": [],
          "tests": [
            {
              "title": "Acessar Fanfic",
              "fullTitle": "Acessar Fanfic Acessar Fanfic",
              "timedOut": null,
              "duration": 52916,
              "state": "failed",
              "speed": null,
              "pass": false,
              "fail": true,
              "pending": false,
              "context": null,
              "code": "var login = \"Kurson_ln\";\nvar password = \"91563815\";\ncy.xpath('//input[@name=\"Usuario\"]').type(login);\ncy.xpath('//input[@name=\"Senha\"]').type(password);\ncy.xpath('//button[@type=\"button\"][contains(.,\"Prosseguir\")]').click();\ncy.xpath('//input[@type=\"submit\"]').click();\ncy.xpath('(//a[contains(.,\"Categorias\")])[1]').click();\ncy.contains('Séries, Novelas & TV').click();\ncy.xpath('//a[contains(@title,\"Letra G\")]').click();\ncy.xpath('//strong[contains(.,\"Glee\")]').click();\ncy.xpath('//a[contains(.,\"Halfway there was love\")]').click();\ncy.contains('Continuar visualizando').click(); //cy.xpath('//span[contains(.,\"Adicionar aos Favoritos\")]').click({force: true});        \n/// cy.xpath('//strong[contains(.,\"Prefácio\")]').click();  \ncy.xpath('//strong[contains(.,\"A volta por cima de Blaine\")]').click();\ncy.xpath('//div[contains(@class,\"fnp-nav-link\")]').click({\n  force: true\n});",
              "err": {
                "message": "CypressError: `cy.click()` can only be called on a single element. Your subject contained 2 elements. Pass `{ multiple: true }` if you want to serially click each element.\n\nhttps://on.cypress.io/click",
                "estack": "CypressError: `cy.click()` can only be called on a single element. Your subject contained 2 elements. Pass `{ multiple: true }` if you want to serially click each element.\n\nhttps://on.cypress.io/click\n    at mouseAction (https://www.spiritfanfiction.com/__cypress/runner/cypress_runner.js:153279:17)\n    at Context.click (https://www.spiritfanfiction.com/__cypress/runner/cypress_runner.js:153453:14)\n    at Context.<anonymous> (https://www.spiritfanfiction.com/__cypress/runner/cypress_runner.js:171468:21)\nFrom Your Spec Code:\n    at Context.eval (https://www.spiritfanfiction.com/__cypress/tests?p=cypress/integration/2-AcessaFanfic_test.spec.js:7290:56)",
                "diff": null
              },
              "uuid": "f1c7c6d4-726c-4bc4-9098-9003fd6543df",
              "parentUUID": "bd65a5f5-d870-4b30-8f5c-8bd8b3ddff7d",
              "isHook": false,
              "skipped": false
            }
          ],
          "suites": [],
          "passes": [],
          "failures": [
            "f1c7c6d4-726c-4bc4-9098-9003fd6543df"
          ],
          "pending": [],
          "skipped": [],
          "duration": 52916,
          "root": false,
          "rootEmpty": false,
          "_timeout": 2000
        }
      ],
      "passes": [],
      "failures": [],
      "pending": [],
      "skipped": [],
      "duration": 0,
      "root": true,
      "rootEmpty": true,
      "_timeout": 2000
    }
  ],
  "meta": {
    "mocha": {
      "version": "7.0.1"
    },
    "mochawesome": {
      "options": {
        "quiet": false,
        "reportFilename": "mochawesome",
        "saveHtml": false,
        "saveJson": true,
        "consoleReporter": "spec",
        "useInlineDiffs": false,
        "code": true
      },
      "version": "6.2.2"
    },
    "marge": {
      "options": {
        "reportDir": "cypress/reports/mocha",
        "overwrite": false,
        "html": false,
        "json": true,
        "timestamp": "mmddyyyy_HHMMss",
        "waitForAnimations": false,
        "animationDistanceThreshold": 50,
        "projectId": "suf2ua"
      },
      "version": "5.2.0"
    }
  }
}